2021-11-06 12:13:38 -Starting ApplicationTests using Java 1.8.0_151 on yunwang with PID 9224 (started by yunwang in D:\IdeaProjects\demo\01primary)
2021-11-06 12:13:38 -The following profiles are active: shcode,szcode,shkccode
2021-11-06 12:13:39 -Initializing ExecutorService 'applicationTaskExecutor'
2021-11-06 12:13:40 -Started ApplicationTests in 3.841 seconds (JVM running for 6.246)
2021-11-06 12:13:40 -Shutting down ExecutorService 'applicationTaskExecutor'
2021-11-06 12:14:45 -Starting ApplicationTests using Java 1.8.0_151 on yunwang with PID 3512 (started by yunwang in D:\IdeaProjects\demo\01primary)
2021-11-06 12:14:45 -The following profiles are active: shcode,szcode,shkccode
2021-11-06 12:14:47 -Initializing ExecutorService 'applicationTaskExecutor'
2021-11-06 12:14:47 -Started ApplicationTests in 4.155 seconds (JVM running for 6.267)
2021-11-06 12:14:48 -Shutting down ExecutorService 'applicationTaskExecutor'
2021-11-06 15:43:34 -Starting ApplicationTests using Java 1.8.0_151 on yunwang with PID 2288 (started by yunwang in D:\IdeaProjects\demo\01primary)
2021-11-06 15:43:34 -The following profiles are active: shcode,szcode,shkccode
2021-11-06 15:43:36 -Initializing ExecutorService 'applicationTaskExecutor'
2021-11-06 15:43:37 -Started ApplicationTests in 4.402 seconds (JVM running for 6.513)
2021-11-06 15:43:37 -Shutting down ExecutorService 'applicationTaskExecutor'
2021-11-06 15:44:28 -Starting ApplicationTests using Java 1.8.0_151 on yunwang with PID 9248 (started by yunwang in D:\IdeaProjects\demo\01primary)
2021-11-06 15:44:28 -The following profiles are active: shcode,szcode,shkccode
2021-11-06 15:44:30 -Initializing ExecutorService 'applicationTaskExecutor'
2021-11-06 15:44:31 -Started ApplicationTests in 4.367 seconds (JVM running for 8.578)
2021-11-06 15:44:32 -Shutting down ExecutorService 'applicationTaskExecutor'
2021-11-06 15:58:39 -Starting ApplicationTests using Java 1.8.0_151 on yunwang with PID 8660 (started by yunwang in D:\IdeaProjects\demo\01primary)
2021-11-06 15:58:39 -The following profiles are active: shcode,szcode,shkccode
2021-11-06 15:58:42 -Initializing ExecutorService 'applicationTaskExecutor'
2021-11-06 15:58:43 -Started ApplicationTests in 5.71 seconds (JVM running for 9.258)
2021-11-06 15:58:43 -Shutting down ExecutorService 'applicationTaskExecutor'
2021-11-06 16:43:25 -Starting ApplicationTests using Java 1.8.0_151 on yunwang with PID 4028 (started by yunwang in D:\IdeaProjects\demo\01primary)
2021-11-06 16:43:25 -The following profiles are active: shcode,szcode,shkccode
2021-11-06 16:43:28 -Initializing ExecutorService 'applicationTaskExecutor'
2021-11-06 16:43:29 -Started ApplicationTests in 5.433 seconds (JVM running for 9.133)
2021-11-06 16:43:29 -Shutting down ExecutorService 'applicationTaskExecutor'
2021-11-06 16:58:11 -Starting ApplicationTests using Java 1.8.0_151 on yunwang with PID 2804 (started by yunwang in D:\IdeaProjects\demo\01primary)
2021-11-06 16:58:11 -The following profiles are active: shcode,szcode,shkccode
2021-11-06 16:58:13 -Initializing ExecutorService 'applicationTaskExecutor'
2021-11-06 16:58:14 -Started ApplicationTests in 3.981 seconds (JVM running for 6.81)
2021-11-06 16:58:15 -Shutting down ExecutorService 'applicationTaskExecutor'
2021-11-06 17:02:15 -Starting ApplicationTests using Java 1.8.0_151 on yunwang with PID 6104 (started by yunwang in D:\IdeaProjects\demo\01primary)
2021-11-06 17:02:15 -The following profiles are active: shcode,szcode,shkccode
2021-11-06 17:02:18 -Initializing ExecutorService 'applicationTaskExecutor'
2021-11-06 17:02:19 -Started ApplicationTests in 4.443 seconds (JVM running for 7.875)
2021-11-06 17:02:19 -Shutting down ExecutorService 'applicationTaskExecutor'
2021-11-06 17:04:07 -Starting ApplicationTests using Java 1.8.0_151 on yunwang with PID 7680 (started by yunwang in D:\IdeaProjects\demo\01primary)
2021-11-06 17:04:07 -The following profiles are active: shcode,szcode,shkccode
2021-11-06 17:04:09 -Initializing ExecutorService 'applicationTaskExecutor'
2021-11-06 17:04:09 -Started ApplicationTests in 4.11 seconds (JVM running for 6.075)
2021-11-06 17:04:10 -Shutting down ExecutorService 'applicationTaskExecutor'
2021-11-06 17:05:35 -Starting ApplicationTests using Java 1.8.0_151 on yunwang with PID 10512 (started by yunwang in D:\IdeaProjects\demo\01primary)
2021-11-06 17:05:35 -The following profiles are active: shcode,szcode,shkccode
2021-11-06 17:05:37 -Initializing ExecutorService 'applicationTaskExecutor'
2021-11-06 17:05:38 -Started ApplicationTests in 4.565 seconds (JVM running for 7.394)
2021-11-06 17:05:38 -Shutting down ExecutorService 'applicationTaskExecutor'
2021-11-06 17:08:34 -Starting ApplicationTests using Java 1.8.0_151 on yunwang with PID 264 (started by yunwang in D:\IdeaProjects\demo\01primary)
2021-11-06 17:08:34 -The following profiles are active: shcode,szcode,shkccode
2021-11-06 17:08:36 -Initializing ExecutorService 'applicationTaskExecutor'
2021-11-06 17:08:37 -Started ApplicationTests in 4.473 seconds (JVM running for 7.496)
2021-11-06 17:08:37 -Shutting down ExecutorService 'applicationTaskExecutor'
2021-11-06 17:09:18 -Starting ApplicationTests using Java 1.8.0_151 on yunwang with PID 8008 (started by yunwang in D:\IdeaProjects\demo\01primary)
2021-11-06 17:09:18 -The following profiles are active: shcode,szcode,shkccode,allcode
2021-11-06 17:09:21 -Initializing ExecutorService 'applicationTaskExecutor'
2021-11-06 17:09:21 -Started ApplicationTests in 4.767 seconds (JVM running for 7.607)
2021-11-06 17:09:22 -Shutting down ExecutorService 'applicationTaskExecutor'
2021-11-06 17:10:31 -Starting ApplicationTests using Java 1.8.0_151 on yunwang with PID 1472 (started by yunwang in D:\IdeaProjects\demo\01primary)
2021-11-06 17:10:31 -The following profiles are active: shcode,szcode,shkccode,allcode
2021-11-06 17:10:34 -Initializing ExecutorService 'applicationTaskExecutor'
2021-11-06 17:10:34 -Started ApplicationTests in 4.887 seconds (JVM running for 7.685)
2021-11-06 17:10:35 -Shutting down ExecutorService 'applicationTaskExecutor'
